STEP to UG
! INFO-     NX STEP AP203 - V12.0
! INFO-      
! INFO-     Start of Translation: 3-JAN-2020  10:33:34 AM
! INFO-      
! STATUS-   Converting Part: E:\詹昇則\W17\untitled.step
! SUMMARY-   
! SUMMARY-    STEP Header Information
! SUMMARY-   
! SUMMARY-  Description      Unknown
! SUMMARY-  Imp_Level        2;1
! SUMMARY-  File_Name        output_file
! SUMMARY-  Date             2009-06-07T17:44:47-07:00
! SUMMARY-  Author           Unknown
! SUMMARY-  Organization     Unknown
! SUMMARY-  Pre_Version      SolveSpace
! SUMMARY-  Orig_System      Unknown
! SUMMARY-  Authorization    Unknown
! SUMMARY-  Schema_ID        ap203_configuration_controlled_3d_design_of_mechanical_parts_and_assemblies_mim_lf
! SUMMARY-   
! SUMMARY-    Summary of STEP Entities
! SUMMARY-   
! SUMMARY-  Entity Type                                                   Count
! SUMMARY-  -----------                                                   ------
! SUMMARY-  advanced_face ..............................................:    263
! SUMMARY-  application_context ........................................:      1
! SUMMARY-  axis2_placement_3d .........................................:      1
! SUMMARY-  b_spline_curve_with_knots_and_rational_b_spline_curve ......:   1320
! SUMMARY-  b_spline_surface_with_knots_and_rational_b_spline_surface ..:    259
! SUMMARY-  cartesian_point ............................................:   6117
! SUMMARY-  closed_shell ...............................................:      1
! SUMMARY-  design_context .............................................:      1
! SUMMARY-  direction ..................................................:      2
! SUMMARY-  edge_curve .................................................:   1320
! SUMMARY-  edge_loop ..................................................:    304
! SUMMARY-  face_bound .................................................:     41
! SUMMARY-  face_outer_bound ...........................................:    263
! SUMMARY-  geometric_representation_context_and_global_uncertainty_a ..:      1
! SUMMARY-  length_unit_and_si_unit ....................................:      1
! SUMMARY-  manifold_solid_brep ........................................:      1
! SUMMARY-  mechanical_context .........................................:      1
! SUMMARY-  oriented_edge ..............................................:   1320
! SUMMARY-  plane_angle_unit_and_si_unit ...............................:      1
! SUMMARY-  product ....................................................:      1
! SUMMARY-  product_definition .........................................:      1
! SUMMARY-  product_definition_formation_with_specified_source .........:      1
! SUMMARY-  product_definition_shape ...................................:      1
! SUMMARY-  si_unit_and_solid_angle_unit ...............................:      1
! SUMMARY-  uncertainty_measure_with_unit ..............................:      1
! SUMMARY-  vertex_point ...............................................:   1320
! SUMMARY-                                                               -------
! SUMMARY-  Total                                                          12544
! STATUS-    
! STATUS-   Converting to Output Form (Phase 2 of 3): 3-JAN-2020 10:33:34 AM
! STATUS-    
! STATUS-    
! STATUS-   Generating UG geometry and placing them in parts
! STATUS-    
! STATUS-   Creating the UG part (Phase 3 of 3): 3-JAN-2020  10:33:34 AM
! STATUS-    
! STATUS-   Creating UG solid body from Input Ent Id 12727
! STATUS-    
! ERROR-    CRTOBY Failure - Error code : 15110 - Too few parents. : 212
! ERROR-     
! INFO-     Could not create solid body because of topology creation, geometry
! INFO-     creation, or failure to attach geometry to topology.  Will attempt
! INFO-     to convert as many solid body faces to individual single-faced sheet
! INFO-     bodies as possible.
! INFO-      
! INFO-     Filing Part ..: E:\詹昇則\W17\untitled_step.prt
! SUMMARY-   
! SUMMARY-  Summary of Unigraphics Part Entities
! SUMMARY-   
! SUMMARY-  Entities Processed             Count
! SUMMARY-  ------------------             -----
! SUMMARY-  Group .......................:     1
! SUMMARY-                                 -----
! SUMMARY-  Total                              1
! INFO-      
! INFO-     Total number of solids input for this translation       :         1
! INFO-      
! INFO-     Number of solids created without body validation faults :         0
! INFO-      
! INFO-     Number of solids created with body validation fault(s)  :         0
! INFO-      
! INFO-     Number of solids ending up as sheet bodies              :         1
! INFO-      
! INFO-     End of Translation: 3-JAN-2020  10:33:39 AM
! INFO-      
